<?xml version="1.0" encoding="UTF-8"?>
<!-- Generated by org.testng.reporters.JUnitXMLReporter -->
<testsuite ignored="0" hostname="DESKTOP-SBTNFQP" failures="0" tests="7" name="starhealth001" time="59.794" errors="0" timestamp="2023-10-25T10:57:28 IST">
  <testcase classname="testpages.StarHealthPageTest" name="Validate_Alt_Value_Of_Logo" time="8.199"/>
  <testcase classname="testpages.StarHealthPageTest" name="click_on_plans" time="5.058"/>
  <testcase classname="testpages.StarHealthPageTest" name="GetAQuoate" time="6.791"/>
  <testcase classname="testpages.StarHealthPageTest" name="Input_Authorize_Form" time="6.186"/>
  <testcase classname="testpages.StarHealthPageTest" name="Get_Value" time="3.125"/>
  <testcase classname="testpages.StarHealthPageTest" name="clickontwitter" time="0.13"/>
  <testcase classname="testpages.StarHealthPageTest" name="validatetwitter" time="19.736"/>
</testsuite> <!-- starhealth001 -->
